{"name": "При создании нового заказа счетчик Выполнено за все время/сегодня увеличивается", "status": "broken", "statusDetails": {"message": "selenium.common.exceptions.NoSuchElementException: Message: no such element: Unable to locate element: {\"method\":\"xpath\",\"selector\":\".//label[text() = \"Email\"]/following-sibling::input\"}\n  (Session info: chrome=126.0.6478.182); For documentation on this error, please visit: https://www.selenium.dev/documentation/webdriver/troubleshooting/errors#no-such-element-exception\nStacktrace:\n\tGetHandleVerifier [0x00007FF61AF1EEB2+31554]\n\t(No symbol) [0x00007FF61AE97EE9]\n\t(No symbol) [0x00007FF61AD5872A]\n\t(No symbol) [0x00007FF61ADA8434]\n\t(No symbol) [0x00007FF61ADA853C]\n\t(No symbol) [0x00007FF61ADEF6A7]\n\t(No symbol) [0x00007FF61ADCD06F]\n\t(No symbol) [0x00007FF61ADEC977]\n\t(No symbol) [0x00007FF61ADCCDD3]\n\t(No symbol) [0x00007FF61AD9A33B]\n\t(No symbol) [0x00007FF61AD9AED1]\n\tGetHandleVerifier [0x00007FF61B228B2D+3217341]\n\tGetHandleVerifier [0x00007FF61B275AF3+3532675]\n\tGetHandleVerifier [0x00007FF61B26B0F0+3489152]\n\tGetHandleVerifier [0x00007FF61AFCE786+750614]\n\t(No symbol) [0x00007FF61AEA376F]\n\t(No symbol) [0x00007FF61AE9EB24]\n\t(No symbol) [0x00007FF61AE9ECB2]\n\t(No symbol) [0x00007FF61AE8E17F]\n\tBaseThreadInitThunk [0x00007FFA4AE37374+20]\n\tRtlUserThreadStart [0x00007FFA4CE3CC91+33]", "trace": "self = <tests.test_order_page.TestOrderPage object at 0x0000025652131340>, driver = <selenium.webdriver.chrome.webdriver.WebDriver (session=\"24e79e2fda147b8c878b7a86a12d2cb8\")>\n\n    @allure.title('При создании нового заказа счетчик Выполнено за все время/сегодня увеличивается')\n    def test_count_orders(self, driver):\n        main_page = MainPage(driver)\n        main_page.open_main_page()\n        main_page.wait_click_account_butt()\n        login_page = LoginPage(driver)\n>       login_page.login_account(Data.data)\n\ntests\\test_order_page.py:42: \n_ _ _ _ _ _ _ _ _ _ _ _ _ _ _ _ _ _ _ _ _ _ _ _ _ _ _ _ _ _ _ _ _ _ _ _ _ _ _ _ _ _ _ _ _ _ _ _ _ _ _ _ _ _ _ _ _ _ _ _ _ _ _ _ _ _ _ _ _ _ _ _ _ _ _ _ _ _ _ _ _ _ _ _ _ _ _ _ _ _ _ _ _ _ _ _ _ _ _ _ _ _ _ _ _ _ _ _ _ _ _ _ _ _ _ _\npages\\login_page.py:28: in login_account\n    self.set_email(user['email'])\npages\\login_page.py:9: in set_email\n    return self.send_keys(LoginPageLocators.INPUT_EMAIL, email)\npages\\base_page.py:24: in send_keys\n    return self.driver.find_element(*locator).send_keys(value)\n..\\..\\AppData\\Local\\Programs\\Python\\Python312\\Lib\\site-packages\\selenium\\webdriver\\remote\\webdriver.py:741: in find_element\n    return self.execute(Command.FIND_ELEMENT, {\"using\": by, \"value\": value})[\"value\"]\n..\\..\\AppData\\Local\\Programs\\Python\\Python312\\Lib\\site-packages\\selenium\\webdriver\\remote\\webdriver.py:347: in execute\n    self.error_handler.check_response(response)\n_ _ _ _ _ _ _ _ _ _ _ _ _ _ _ _ _ _ _ _ _ _ _ _ _ _ _ _ _ _ _ _ _ _ _ _ _ _ _ _ _ _ _ _ _ _ _ _ _ _ _ _ _ _ _ _ _ _ _ _ _ _ _ _ _ _ _ _ _ _ _ _ _ _ _ _ _ _ _ _ _ _ _ _ _ _ _ _ _ _ _ _ _ _ _ _ _ _ _ _ _ _ _ _ _ _ _ _ _ _ _ _ _ _ _ _\n\nself = <selenium.webdriver.remote.errorhandler.ErrorHandler object at 0x00000256521DB380>\nresponse = {'status': 404, 'value': '{\"value\":{\"error\":\"no such element\",\"message\":\"no such element: Unable to locate element: {\\...07FF61AE8E17F]\\\\n\\\\tBaseThreadInitThunk [0x00007FFA4AE37374+20]\\\\n\\\\tRtlUserThreadStart [0x00007FFA4CE3CC91+33]\\\\n\"}}'}\n\n    def check_response(self, response: Dict[str, Any]) -> None:\n        \"\"\"Checks that a JSON response from the WebDriver does not have an\n        error.\n    \n        :Args:\n         - response - The JSON response from the WebDriver server as a dictionary\n           object.\n    \n        :Raises: If the response contains an error message.\n        \"\"\"\n        status = response.get(\"status\", None)\n        if not status or status == ErrorCode.SUCCESS:\n            return\n        value = None\n        message = response.get(\"message\", \"\")\n        screen: str = response.get(\"screen\", \"\")\n        stacktrace = None\n        if isinstance(status, int):\n            value_json = response.get(\"value\", None)\n            if value_json and isinstance(value_json, str):\n                import json\n    \n                try:\n                    value = json.loads(value_json)\n                    if len(value) == 1:\n                        value = value[\"value\"]\n                    status = value.get(\"error\", None)\n                    if not status:\n                        status = value.get(\"status\", ErrorCode.UNKNOWN_ERROR)\n                        message = value.get(\"value\") or value.get(\"message\")\n                        if not isinstance(message, str):\n                            value = message\n                            message = message.get(\"message\")\n                    else:\n                        message = value.get(\"message\", None)\n                except ValueError:\n                    pass\n    \n        exception_class: Type[WebDriverException]\n        e = ErrorCode()\n        error_codes = [item for item in dir(e) if not item.startswith(\"__\")]\n        for error_code in error_codes:\n            error_info = getattr(ErrorCode, error_code)\n            if isinstance(error_info, list) and status in error_info:\n                exception_class = getattr(ExceptionMapping, error_code, WebDriverException)\n                break\n        else:\n            exception_class = WebDriverException\n    \n        if not value:\n            value = response[\"value\"]\n        if isinstance(value, str):\n            raise exception_class(value)\n        if message == \"\" and \"message\" in value:\n            message = value[\"message\"]\n    \n        screen = None  # type: ignore[assignment]\n        if \"screen\" in value:\n            screen = value[\"screen\"]\n    \n        stacktrace = None\n        st_value = value.get(\"stackTrace\") or value.get(\"stacktrace\")\n        if st_value:\n            if isinstance(st_value, str):\n                stacktrace = st_value.split(\"\\n\")\n            else:\n                stacktrace = []\n                try:\n                    for frame in st_value:\n                        line = frame.get(\"lineNumber\", \"\")\n                        file = frame.get(\"fileName\", \"<anonymous>\")\n                        if line:\n                            file = f\"{file}:{line}\"\n                        meth = frame.get(\"methodName\", \"<anonymous>\")\n                        if \"className\" in frame:\n                            meth = f\"{frame['className']}.{meth}\"\n                        msg = \"    at %s (%s)\"\n                        msg = msg % (meth, file)\n                        stacktrace.append(msg)\n                except TypeError:\n                    pass\n        if exception_class == UnexpectedAlertPresentException:\n            alert_text = None\n            if \"data\" in value:\n                alert_text = value[\"data\"].get(\"text\")\n            elif \"alert\" in value:\n                alert_text = value[\"alert\"].get(\"text\")\n            raise exception_class(message, screen, stacktrace, alert_text)  # type: ignore[call-arg]  # mypy is not smart enough here\n>       raise exception_class(message, screen, stacktrace)\nE       selenium.common.exceptions.NoSuchElementException: Message: no such element: Unable to locate element: {\"method\":\"xpath\",\"selector\":\".//label[text() = \"Email\"]/following-sibling::input\"}\nE         (Session info: chrome=126.0.6478.182); For documentation on this error, please visit: https://www.selenium.dev/documentation/webdriver/troubleshooting/errors#no-such-element-exception\nE       Stacktrace:\nE       \tGetHandleVerifier [0x00007FF61AF1EEB2+31554]\nE       \t(No symbol) [0x00007FF61AE97EE9]\nE       \t(No symbol) [0x00007FF61AD5872A]\nE       \t(No symbol) [0x00007FF61ADA8434]\nE       \t(No symbol) [0x00007FF61ADA853C]\nE       \t(No symbol) [0x00007FF61ADEF6A7]\nE       \t(No symbol) [0x00007FF61ADCD06F]\nE       \t(No symbol) [0x00007FF61ADEC977]\nE       \t(No symbol) [0x00007FF61ADCCDD3]\nE       \t(No symbol) [0x00007FF61AD9A33B]\nE       \t(No symbol) [0x00007FF61AD9AED1]\nE       \tGetHandleVerifier [0x00007FF61B228B2D+3217341]\nE       \tGetHandleVerifier [0x00007FF61B275AF3+3532675]\nE       \tGetHandleVerifier [0x00007FF61B26B0F0+3489152]\nE       \tGetHandleVerifier [0x00007FF61AFCE786+750614]\nE       \t(No symbol) [0x00007FF61AEA376F]\nE       \t(No symbol) [0x00007FF61AE9EB24]\nE       \t(No symbol) [0x00007FF61AE9ECB2]\nE       \t(No symbol) [0x00007FF61AE8E17F]\nE       \tBaseThreadInitThunk [0x00007FFA4AE37374+20]\nE       \tRtlUserThreadStart [0x00007FFA4CE3CC91+33]\n\n..\\..\\AppData\\Local\\Programs\\Python\\Python312\\Lib\\site-packages\\selenium\\webdriver\\remote\\errorhandler.py:229: NoSuchElementException"}, "steps": [{"name": "Открыть главную страницу Stellar Burgers", "status": "passed", "start": 1721671234301, "stop": 1721671234458}, {"name": "Дождаться и нажать на кнопку Личный кабинет в мозиле", "status": "passed", "start": 1721671234458, "stop": 1721671234774}, {"name": "Авторизация", "status": "broken", "statusDetails": {"message": "selenium.common.exceptions.NoSuchElementException: Message: no such element: Unable to locate element: {\"method\":\"xpath\",\"selector\":\".//label[text() = \"Email\"]/following-sibling::input\"}\n  (Session info: chrome=126.0.6478.182); For documentation on this error, please visit: https://www.selenium.dev/documentation/webdriver/troubleshooting/errors#no-such-element-exception\nStacktrace:\n\tGetHandleVerifier [0x00007FF61AF1EEB2+31554]\n\t(No symbol) [0x00007FF61AE97EE9]\n\t(No symbol) [0x00007FF61AD5872A]\n\t(No symbol) [0x00007FF61ADA8434]\n\t(No symbol) [0x00007FF61ADA853C]\n\t(No symbol) [0x00007FF61ADEF6A7]\n\t(No symbol) [0x00007FF61ADCD06F]\n\t(No symbol) [0x00007FF61ADEC977]\n\t(No symbol) [0x00007FF61ADCCDD3]\n\t(No symbol) [0x00007FF61AD9A33B]\n\t(No symbol) [0x00007FF61AD9AED1]\n\tGetHandleVerifier [0x00007FF61B228B2D+3217341]\n\tGetHandleVerifier [0x00007FF61B275AF3+3532675]\n\tGetHandleVerifier [0x00007FF61B26B0F0+3489152]\n\tGetHandleVerifier [0x00007FF61AFCE786+750614]\n\t(No symbol) [0x00007FF61AEA376F]\n\t(No symbol) [0x00007FF61AE9EB24]\n\t(No symbol) [0x00007FF61AE9ECB2]\n\t(No symbol) [0x00007FF61AE8E17F]\n\tBaseThreadInitThunk [0x00007FFA4AE37374+20]\n\tRtlUserThreadStart [0x00007FFA4CE3CC91+33]\n\n", "trace": "  File \"C:\\Users\\Diana\\AppData\\Local\\Programs\\Python\\Python312\\Lib\\site-packages\\allure_commons\\_allure.py\", line 192, in impl\n    return func(*a, **kw)\n           ^^^^^^^^^^^^^^\n  File \"C:\\Users\\Diana\\PycharmProjects\\Diplom_3\\pages\\login_page.py\", line 28, in login_account\n    self.set_email(user['email'])\n  File \"C:\\Users\\Diana\\AppData\\Local\\Programs\\Python\\Python312\\Lib\\site-packages\\allure_commons\\_allure.py\", line 192, in impl\n    return func(*a, **kw)\n           ^^^^^^^^^^^^^^\n  File \"C:\\Users\\Diana\\PycharmProjects\\Diplom_3\\pages\\login_page.py\", line 9, in set_email\n    return self.send_keys(LoginPageLocators.INPUT_EMAIL, email)\n           ^^^^^^^^^^^^^^^^^^^^^^^^^^^^^^^^^^^^^^^^^^^^^^^^^^^^\n  File \"C:\\Users\\Diana\\PycharmProjects\\Diplom_3\\pages\\base_page.py\", line 24, in send_keys\n    return self.driver.find_element(*locator).send_keys(value)\n           ^^^^^^^^^^^^^^^^^^^^^^^^^^^^^^^^^^\n  File \"C:\\Users\\Diana\\AppData\\Local\\Programs\\Python\\Python312\\Lib\\site-packages\\selenium\\webdriver\\remote\\webdriver.py\", line 741, in find_element\n    return self.execute(Command.FIND_ELEMENT, {\"using\": by, \"value\": value})[\"value\"]\n           ^^^^^^^^^^^^^^^^^^^^^^^^^^^^^^^^^^^^^^^^^^^^^^^^^^^^^^^^^^^^^^^^^\n  File \"C:\\Users\\Diana\\AppData\\Local\\Programs\\Python\\Python312\\Lib\\site-packages\\selenium\\webdriver\\remote\\webdriver.py\", line 347, in execute\n    self.error_handler.check_response(response)\n  File \"C:\\Users\\Diana\\AppData\\Local\\Programs\\Python\\Python312\\Lib\\site-packages\\selenium\\webdriver\\remote\\errorhandler.py\", line 229, in check_response\n    raise exception_class(message, screen, stacktrace)\n"}, "steps": [{"name": "Ввести почту", "status": "broken", "statusDetails": {"message": "selenium.common.exceptions.NoSuchElementException: Message: no such element: Unable to locate element: {\"method\":\"xpath\",\"selector\":\".//label[text() = \"Email\"]/following-sibling::input\"}\n  (Session info: chrome=126.0.6478.182); For documentation on this error, please visit: https://www.selenium.dev/documentation/webdriver/troubleshooting/errors#no-such-element-exception\nStacktrace:\n\tGetHandleVerifier [0x00007FF61AF1EEB2+31554]\n\t(No symbol) [0x00007FF61AE97EE9]\n\t(No symbol) [0x00007FF61AD5872A]\n\t(No symbol) [0x00007FF61ADA8434]\n\t(No symbol) [0x00007FF61ADA853C]\n\t(No symbol) [0x00007FF61ADEF6A7]\n\t(No symbol) [0x00007FF61ADCD06F]\n\t(No symbol) [0x00007FF61ADEC977]\n\t(No symbol) [0x00007FF61ADCCDD3]\n\t(No symbol) [0x00007FF61AD9A33B]\n\t(No symbol) [0x00007FF61AD9AED1]\n\tGetHandleVerifier [0x00007FF61B228B2D+3217341]\n\tGetHandleVerifier [0x00007FF61B275AF3+3532675]\n\tGetHandleVerifier [0x00007FF61B26B0F0+3489152]\n\tGetHandleVerifier [0x00007FF61AFCE786+750614]\n\t(No symbol) [0x00007FF61AEA376F]\n\t(No symbol) [0x00007FF61AE9EB24]\n\t(No symbol) [0x00007FF61AE9ECB2]\n\t(No symbol) [0x00007FF61AE8E17F]\n\tBaseThreadInitThunk [0x00007FFA4AE37374+20]\n\tRtlUserThreadStart [0x00007FFA4CE3CC91+33]\n\n", "trace": "  File \"C:\\Users\\Diana\\AppData\\Local\\Programs\\Python\\Python312\\Lib\\site-packages\\allure_commons\\_allure.py\", line 192, in impl\n    return func(*a, **kw)\n           ^^^^^^^^^^^^^^\n  File \"C:\\Users\\Diana\\PycharmProjects\\Diplom_3\\pages\\login_page.py\", line 9, in set_email\n    return self.send_keys(LoginPageLocators.INPUT_EMAIL, email)\n           ^^^^^^^^^^^^^^^^^^^^^^^^^^^^^^^^^^^^^^^^^^^^^^^^^^^^\n  File \"C:\\Users\\Diana\\PycharmProjects\\Diplom_3\\pages\\base_page.py\", line 24, in send_keys\n    return self.driver.find_element(*locator).send_keys(value)\n           ^^^^^^^^^^^^^^^^^^^^^^^^^^^^^^^^^^\n  File \"C:\\Users\\Diana\\AppData\\Local\\Programs\\Python\\Python312\\Lib\\site-packages\\selenium\\webdriver\\remote\\webdriver.py\", line 741, in find_element\n    return self.execute(Command.FIND_ELEMENT, {\"using\": by, \"value\": value})[\"value\"]\n           ^^^^^^^^^^^^^^^^^^^^^^^^^^^^^^^^^^^^^^^^^^^^^^^^^^^^^^^^^^^^^^^^^\n  File \"C:\\Users\\Diana\\AppData\\Local\\Programs\\Python\\Python312\\Lib\\site-packages\\selenium\\webdriver\\remote\\webdriver.py\", line 347, in execute\n    self.error_handler.check_response(response)\n  File \"C:\\Users\\Diana\\AppData\\Local\\Programs\\Python\\Python312\\Lib\\site-packages\\selenium\\webdriver\\remote\\errorhandler.py\", line 229, in check_response\n    raise exception_class(message, screen, stacktrace)\n"}, "parameters": [{"name": "email", "value": "'malafeeva_diana_06089@ya.ru'"}], "start": 1721671234774, "stop": 1721671234786}], "parameters": [{"name": "user", "value": "{'name': 'Диана', 'email': 'malafeeva_diana_06089@ya.ru', 'password': 'malafeeva_06'}"}], "start": 1721671234774, "stop": 1721671234788}], "parameters": [{"name": "driver", "value": "'chrome'"}], "start": 1721671234300, "stop": 1721671234788, "uuid": "e57b5c1f-8b9b-41bc-8edb-3f10365902c8", "historyId": "c652614e42bd195e0e2eb7cdfa42c21d", "testCaseId": "a1e722c1154b514c26cba63c8caccba1", "fullName": "tests.test_order_page.TestOrderPage#test_count_orders", "labels": [{"name": "parentSuite", "value": "tests"}, {"name": "suite", "value": "test_order_page"}, {"name": "subSuite", "value": "TestOrderPage"}, {"name": "host", "value": "DESKTOP-02PLGO0"}, {"name": "thread", "value": "39992-MainThread"}, {"name": "framework", "value": "pytest"}, {"name": "language", "value": "cpython3"}, {"name": "package", "value": "tests.test_order_page"}]}