{"name": "Переход на страницу восстановления пароля по кнопке Восстановить", "status": "broken", "statusDetails": {"message": "selenium.common.exceptions.TimeoutException: Message: \nStacktrace:\n\tGetHandleVerifier [0x00007FF61AF1EEB2+31554]\n\t(No symbol) [0x00007FF61AE97EE9]\n\t(No symbol) [0x00007FF61AD5872A]\n\t(No symbol) [0x00007FF61ADA8434]\n\t(No symbol) [0x00007FF61ADA853C]\n\t(No symbol) [0x00007FF61ADEF6A7]\n\t(No symbol) [0x00007FF61ADCD06F]\n\t(No symbol) [0x00007FF61ADEC977]\n\t(No symbol) [0x00007FF61ADCCDD3]\n\t(No symbol) [0x00007FF61AD9A33B]\n\t(No symbol) [0x00007FF61AD9AED1]\n\tGetHandleVerifier [0x00007FF61B228B2D+3217341]\n\tGetHandleVerifier [0x00007FF61B275AF3+3532675]\n\tGetHandleVerifier [0x00007FF61B26B0F0+3489152]\n\tGetHandleVerifier [0x00007FF61AFCE786+750614]\n\t(No symbol) [0x00007FF61AEA376F]\n\t(No symbol) [0x00007FF61AE9EB24]\n\t(No symbol) [0x00007FF61AE9ECB2]\n\t(No symbol) [0x00007FF61AE8E17F]\n\tBaseThreadInitThunk [0x00007FFA4AE37374+20]\n\tRtlUserThreadStart [0x00007FFA4CE3CC91+33]", "trace": "self = <tests.test_recovery.TestRecoveryPage object at 0x00000146728ED070>, driver = <selenium.webdriver.chrome.webdriver.WebDriver (session=\"2318b8ba0f7dca0a712903566d8c216b\")>\n\n    @allure.title('Переход на страницу восстановления пароля по кнопке Восстановить')\n    def test_cross_via_recovery_button(self, driver):\n        main_page = MainPage(driver)\n        main_page.open_main_page()\n        main_page.click_account_button()\n        login_page = LoginPage(driver)\n>       login_page.click_recover_password_button()\n\ntests\\test_recovery.py:16: \n_ _ _ _ _ _ _ _ _ _ _ _ _ _ _ _ _ _ _ _ _ _ _ _ _ _ _ _ _ _ _ _ _ _ _ _ _ _ _ _ _ _ _ _ _ _ _ _ _ _ _ _ _ _ _ _ _ _ _ _ _ _ _ _ _ _ _ _ _ _ _ _ _ _ _ _ _ _ _ _ _ _ _ _ _ _ _ _ _ _ _ _ _ _ _ _ _ _ _ _ _ _ _ _ _ _ _ _ _ _ _ _ _ _ _ _\npages\\login_page.py:38: in click_recover_password_button\n    self.wait_element(LoginPageLocators.RECOVER_PASSWORD_BUTTON)\npages\\base_page.py:30: in wait_element\n    return WebDriverWait(self.driver, 20).until(expected_conditions.visibility_of_element_located(locator))\n_ _ _ _ _ _ _ _ _ _ _ _ _ _ _ _ _ _ _ _ _ _ _ _ _ _ _ _ _ _ _ _ _ _ _ _ _ _ _ _ _ _ _ _ _ _ _ _ _ _ _ _ _ _ _ _ _ _ _ _ _ _ _ _ _ _ _ _ _ _ _ _ _ _ _ _ _ _ _ _ _ _ _ _ _ _ _ _ _ _ _ _ _ _ _ _ _ _ _ _ _ _ _ _ _ _ _ _ _ _ _ _ _ _ _ _\n\nself = <selenium.webdriver.support.wait.WebDriverWait (session=\"2318b8ba0f7dca0a712903566d8c216b\")>, method = <function visibility_of_element_located.<locals>._predicate at 0x00000146752DE480>, message = ''\n\n    def until(self, method: Callable[[D], Union[Literal[False], T]], message: str = \"\") -> T:\n        \"\"\"Calls the method provided with the driver as an argument until the \\\n        return value does not evaluate to ``False``.\n    \n        :param method: callable(WebDriver)\n        :param message: optional message for :exc:`TimeoutException`\n        :returns: the result of the last call to `method`\n        :raises: :exc:`selenium.common.exceptions.TimeoutException` if timeout occurs\n        \"\"\"\n        screen = None\n        stacktrace = None\n    \n        end_time = time.monotonic() + self._timeout\n        while True:\n            try:\n                value = method(self._driver)\n                if value:\n                    return value\n            except self._ignored_exceptions as exc:\n                screen = getattr(exc, \"screen\", None)\n                stacktrace = getattr(exc, \"stacktrace\", None)\n            time.sleep(self._poll)\n            if time.monotonic() > end_time:\n                break\n>       raise TimeoutException(message, screen, stacktrace)\nE       selenium.common.exceptions.TimeoutException: Message: \nE       Stacktrace:\nE       \tGetHandleVerifier [0x00007FF61AF1EEB2+31554]\nE       \t(No symbol) [0x00007FF61AE97EE9]\nE       \t(No symbol) [0x00007FF61AD5872A]\nE       \t(No symbol) [0x00007FF61ADA8434]\nE       \t(No symbol) [0x00007FF61ADA853C]\nE       \t(No symbol) [0x00007FF61ADEF6A7]\nE       \t(No symbol) [0x00007FF61ADCD06F]\nE       \t(No symbol) [0x00007FF61ADEC977]\nE       \t(No symbol) [0x00007FF61ADCCDD3]\nE       \t(No symbol) [0x00007FF61AD9A33B]\nE       \t(No symbol) [0x00007FF61AD9AED1]\nE       \tGetHandleVerifier [0x00007FF61B228B2D+3217341]\nE       \tGetHandleVerifier [0x00007FF61B275AF3+3532675]\nE       \tGetHandleVerifier [0x00007FF61B26B0F0+3489152]\nE       \tGetHandleVerifier [0x00007FF61AFCE786+750614]\nE       \t(No symbol) [0x00007FF61AEA376F]\nE       \t(No symbol) [0x00007FF61AE9EB24]\nE       \t(No symbol) [0x00007FF61AE9ECB2]\nE       \t(No symbol) [0x00007FF61AE8E17F]\nE       \tBaseThreadInitThunk [0x00007FFA4AE37374+20]\nE       \tRtlUserThreadStart [0x00007FFA4CE3CC91+33]\n\n..\\..\\AppData\\Local\\Programs\\Python\\Python312\\Lib\\site-packages\\selenium\\webdriver\\support\\wait.py:105: TimeoutException"}, "steps": [{"name": "Открыть главную страницу Stellar Burgers", "status": "passed", "start": 1721671460043, "stop": 1721671460213}, {"name": "Клик на кнопку Личный кабинет", "status": "passed", "start": 1721671460213, "stop": 1721671460528}, {"name": "Нажать на кнопку Восстановить пароль", "status": "broken", "statusDetails": {"message": "selenium.common.exceptions.TimeoutException: Message: \nStacktrace:\n\tGetHandleVerifier [0x00007FF61AF1EEB2+31554]\n\t(No symbol) [0x00007FF61AE97EE9]\n\t(No symbol) [0x00007FF61AD5872A]\n\t(No symbol) [0x00007FF61ADA8434]\n\t(No symbol) [0x00007FF61ADA853C]\n\t(No symbol) [0x00007FF61ADEF6A7]\n\t(No symbol) [0x00007FF61ADCD06F]\n\t(No symbol) [0x00007FF61ADEC977]\n\t(No symbol) [0x00007FF61ADCCDD3]\n\t(No symbol) [0x00007FF61AD9A33B]\n\t(No symbol) [0x00007FF61AD9AED1]\n\tGetHandleVerifier [0x00007FF61B228B2D+3217341]\n\tGetHandleVerifier [0x00007FF61B275AF3+3532675]\n\tGetHandleVerifier [0x00007FF61B26B0F0+3489152]\n\tGetHandleVerifier [0x00007FF61AFCE786+750614]\n\t(No symbol) [0x00007FF61AEA376F]\n\t(No symbol) [0x00007FF61AE9EB24]\n\t(No symbol) [0x00007FF61AE9ECB2]\n\t(No symbol) [0x00007FF61AE8E17F]\n\tBaseThreadInitThunk [0x00007FFA4AE37374+20]\n\tRtlUserThreadStart [0x00007FFA4CE3CC91+33]\n\n", "trace": "  File \"C:\\Users\\Diana\\AppData\\Local\\Programs\\Python\\Python312\\Lib\\site-packages\\allure_commons\\_allure.py\", line 192, in impl\n    return func(*a, **kw)\n           ^^^^^^^^^^^^^^\n  File \"C:\\Users\\Diana\\PycharmProjects\\Diplom_3\\pages\\login_page.py\", line 38, in click_recover_password_button\n    self.wait_element(LoginPageLocators.RECOVER_PASSWORD_BUTTON)\n  File \"C:\\Users\\Diana\\PycharmProjects\\Diplom_3\\pages\\base_page.py\", line 30, in wait_element\n    return WebDriverWait(self.driver, 20).until(expected_conditions.visibility_of_element_located(locator))\n           ^^^^^^^^^^^^^^^^^^^^^^^^^^^^^^^^^^^^^^^^^^^^^^^^^^^^^^^^^^^^^^^^^^^^^^^^^^^^^^^^^^^^^^^^^^^^^^^^\n  File \"C:\\Users\\Diana\\AppData\\Local\\Programs\\Python\\Python312\\Lib\\site-packages\\selenium\\webdriver\\support\\wait.py\", line 105, in until\n    raise TimeoutException(message, screen, stacktrace)\n"}, "start": 1721671460528, "stop": 1721671480916}], "parameters": [{"name": "driver", "value": "'chrome'"}], "start": 1721671460043, "stop": 1721671480918, "uuid": "c6985d54-57d3-4a0f-8730-69ca1079c795", "historyId": "ddddc0eb3b414285ba86488ed5930226", "testCaseId": "de9de81487bbf0978e2cd4d1ab3dbb28", "fullName": "tests.test_recovery.TestRecoveryPage#test_cross_via_recovery_button", "labels": [{"name": "parentSuite", "value": "tests"}, {"name": "suite", "value": "test_recovery"}, {"name": "subSuite", "value": "TestRecoveryPage"}, {"name": "host", "value": "DESKTOP-02PLGO0"}, {"name": "thread", "value": "37560-MainThread"}, {"name": "framework", "value": "pytest"}, {"name": "language", "value": "cpython3"}, {"name": "package", "value": "tests.test_recovery"}]}